-bash: module: line 1: syntax error: unexpected end of file
-bash: error importing function definition for `module'
invoking bashrc
invoking bash_profile
/bin/sh: module: line 1: syntax error: unexpected end of file
/bin/sh: error importing function definition for `module'
sh: module: line 1: syntax error: unexpected end of file
sh: error importing function definition for `module'
sh: module: line 1: syntax error: unexpected end of file
sh: error importing function definition for `module'
bash: module: line 1: syntax error: unexpected end of file
bash: error importing function definition for `module'
sh: module: line 1: syntax error: unexpected end of file
sh: error importing function definition for `module'
sh: module: line 1: syntax error: unexpected end of file
sh: error importing function definition for `module'
sh: module: line 1: syntax error: unexpected end of file
sh: error importing function definition for `module'
bash: module: line 1: syntax error: unexpected end of file
bash: error importing function definition for `module'
sh: module: line 1: syntax error: unexpected end of file
sh: error importing function definition for `module'
sh: module: line 1: syntax error: unexpected end of file
sh: error importing function definition for `module'
sh: module: line 1: syntax error: unexpected end of file
sh: error importing function definition for `module'
bash: module: line 1: syntax error: unexpected end of file
bash: error importing function definition for `module'
sh: module: line 1: syntax error: unexpected end of file
sh: error importing function definition for `module'
sh: module: line 1: syntax error: unexpected end of file
sh: error importing function definition for `module'
sh: module: line 1: syntax error: unexpected end of file
sh: error importing function definition for `module'
bash: module: line 1: syntax error: unexpected end of file
bash: error importing function definition for `module'
sh: module: line 1: syntax error: unexpected end of file
sh: error importing function definition for `module'
sh: module: line 1: syntax error: unexpected end of file
sh: error importing function definition for `module'
sh: module: line 1: syntax error: unexpected end of file
sh: error importing function definition for `module'
bash: module: line 1: syntax error: unexpected end of file
bash: error importing function definition for `module'
sh: module: line 1: syntax error: unexpected end of file
sh: error importing function definition for `module'
sh: module: line 1: syntax error: unexpected end of file
sh: error importing function definition for `module'
sh: module: line 1: syntax error: unexpected end of file
sh: error importing function definition for `module'
bash: module: line 1: syntax error: unexpected end of file
bash: error importing function definition for `module'
sh: module: line 1: syntax error: unexpected end of file
sh: error importing function definition for `module'
sh: module: line 1: syntax error: unexpected end of file
sh: error importing function definition for `module'
sh: module: line 1: syntax error: unexpected end of file
sh: error importing function definition for `module'
bash: module: line 1: syntax error: unexpected end of file
bash: error importing function definition for `module'
sh: module: line 1: syntax error: unexpected end of file
sh: error importing function definition for `module'
sh: module: line 1: syntax error: unexpected end of file
sh: error importing function definition for `module'
sh: module: line 1: syntax error: unexpected end of file
sh: error importing function definition for `module'
invoking bash_profile
bash: module: line 1: syntax error: unexpected end of file
bash: error importing function definition for `module'
+ set -o pipefail
+ export ECF_PORT=35254
+ ECF_PORT=35254
+ export ECF_HOST=derecho2
+ ECF_HOST=derecho2
+ export ECF_NAME=/cesm2cam6climoLND_2022_05_23/run_family/run_member_02
+ ECF_NAME=/cesm2cam6climoLND_2022_05_23/run_family/run_member_02
+ export ECF_PASS=W2qF.vGT
+ ECF_PASS=W2qF.vGT
+ export ECF_TRYNO=1
+ ECF_TRYNO=1
+ export ECF_RID=186242
+ ECF_RID=186242
+ export FCST_HOME=/glade/u/home/ssfcst/cesm2cam6climoLND/CESM2-Realtime-Forecast
+ FCST_HOME=/glade/u/home/ssfcst/cesm2cam6climoLND/CESM2-Realtime-Forecast
+ export FCST_WORK=/glade/work/ssfcst/derecho/cases/cesm2cam6climoLND_2022_05_23
+ FCST_WORK=/glade/work/ssfcst/derecho/cases/cesm2cam6climoLND_2022_05_23
+ export CESM_ROOT=/glade/u/home/ssfcst/cesm2.1.5
+ CESM_ROOT=/glade/u/home/ssfcst/cesm2.1.5
+ export CESM_WORKFLOW=cesm2cam6climoLND
+ CESM_WORKFLOW=cesm2cam6climoLND
+ module load cesmdev/1.0 ncarenv/23.09 ecflow
+ '[' -z '' ']'
+ case "$-" in
+ __lmod_sh_dbg=x
+ '[' -n x ']'
+ set +x
Shell debugging temporarily silenced: export LMOD_SH_DBG_ON=1 for Lmod's output
/bin/sh: module: line 1: syntax error: unexpected end of file
/bin/sh: error importing function definition for `module'
sh: module: line 1: syntax error: unexpected end of file
sh: error importing function definition for `module'
sh: module: line 1: syntax error: unexpected end of file
sh: error importing function definition for `module'
bash: module: line 1: syntax error: unexpected end of file
bash: error importing function definition for `module'
sh: module: line 1: syntax error: unexpected end of file
sh: error importing function definition for `module'
sh: module: line 1: syntax error: unexpected end of file
sh: error importing function definition for `module'
sh: module: line 1: syntax error: unexpected end of file
sh: error importing function definition for `module'
bash: module: line 1: syntax error: unexpected end of file
bash: error importing function definition for `module'
sh: module: line 1: syntax error: unexpected end of file
sh: error importing function definition for `module'
sh: module: line 1: syntax error: unexpected end of file
sh: error importing function definition for `module'
sh: module: line 1: syntax error: unexpected end of file
sh: error importing function definition for `module'
bash: module: line 1: syntax error: unexpected end of file
bash: error importing function definition for `module'
sh: module: line 1: syntax error: unexpected end of file
sh: error importing function definition for `module'
sh: module: line 1: syntax error: unexpected end of file
sh: error importing function definition for `module'
sh: module: line 1: syntax error: unexpected end of file
sh: error importing function definition for `module'
bash: module: line 1: syntax error: unexpected end of file
bash: error importing function definition for `module'
sh: module: line 1: syntax error: unexpected end of file
sh: error importing function definition for `module'
sh: module: line 1: syntax error: unexpected end of file
sh: error importing function definition for `module'
sh: module: line 1: syntax error: unexpected end of file
sh: error importing function definition for `module'
bash: module: line 1: syntax error: unexpected end of file
bash: error importing function definition for `module'
sh: module: line 1: syntax error: unexpected end of file
sh: error importing function definition for `module'
sh: module: line 1: syntax error: unexpected end of file
sh: error importing function definition for `module'
sh: module: line 1: syntax error: unexpected end of file
sh: error importing function definition for `module'
bash: module: line 1: syntax error: unexpected end of file
bash: error importing function definition for `module'
sh: module: line 1: syntax error: unexpected end of file
sh: error importing function definition for `module'
sh: module: line 1: syntax error: unexpected end of file
sh: error importing function definition for `module'
sh: module: line 1: syntax error: unexpected end of file
sh: error importing function definition for `module'
bash: module: line 1: syntax error: unexpected end of file
bash: error importing function definition for `module'
sh: module: line 1: syntax error: unexpected end of file
sh: error importing function definition for `module'
sh: module: line 1: syntax error: unexpected end of file
sh: error importing function definition for `module'
sh: module: line 1: syntax error: unexpected end of file
sh: error importing function definition for `module'
Shell debugging restarted
+ unset __lmod_sh_dbg
+ return 0
+ module use /glade/u/home/ssfcst/cesm2cam6climoLND/CESM2-Realtime-Forecast/modulefiles
+ '[' -z '' ']'
+ case "$-" in
+ __lmod_sh_dbg=x
+ '[' -n x ']'
+ set +x
Shell debugging temporarily silenced: export LMOD_SH_DBG_ON=1 for Lmod's output
/bin/sh: module: line 1: syntax error: unexpected end of file
/bin/sh: error importing function definition for `module'
sh: module: line 1: syntax error: unexpected end of file
sh: error importing function definition for `module'
sh: module: line 1: syntax error: unexpected end of file
sh: error importing function definition for `module'
Shell debugging restarted
+ unset __lmod_sh_dbg
+ return 0
+ module load cesm2cam6climoLND
+ '[' -z '' ']'
+ case "$-" in
+ __lmod_sh_dbg=x
+ '[' -n x ']'
+ set +x
Shell debugging temporarily silenced: export LMOD_SH_DBG_ON=1 for Lmod's output
/bin/sh: module: line 1: syntax error: unexpected end of file
/bin/sh: error importing function definition for `module'
sh: module: line 1: syntax error: unexpected end of file
sh: error importing function definition for `module'
sh: module: line 1: syntax error: unexpected end of file
sh: error importing function definition for `module'
Shell debugging restarted
+ unset __lmod_sh_dbg
+ return 0
+ ecflow_client --init=186242
+ trap ERROR 0
+ trap '{ echo "Killed by a signal"; ERROR ; }' 1 2 3 4 5 6 7 8 10 12 13 15
++ echo run_member_02
++ cut -c 12-
+ member=02
+ echo 2022-05-23 02
2022-05-23 02
+ cd /glade/work/ssfcst/derecho/cases/cesm2cam6climoLND_2022_05_23/cesm2cam6climoLND_2022-05-23.02
+ ./case.submit --job case.run
 - Prestaging REFCASE (/glade/derecho/scratch/ssfcst/cesm2cam6climoLND/StageIC/rest/2022-05-23) to /glade/derecho/scratch/ssfcst/cesm2cam6climoLND_2022-05-23.00/run.02
Copy rpointer /glade/derecho/scratch/ssfcst/cesm2cam6climoLND/StageIC/rest/2022-05-23/rpointer.glc
Copy rpointer /glade/derecho/scratch/ssfcst/cesm2cam6climoLND/StageIC/rest/2022-05-23/rpointer.drv
Copy rpointer /glade/derecho/scratch/ssfcst/cesm2cam6climoLND/StageIC/rest/2022-05-23/rpointer.ocn.tavg
Copy rpointer /glade/derecho/scratch/ssfcst/cesm2cam6climoLND/StageIC/rest/2022-05-23/rpointer.ice
Copy rpointer /glade/derecho/scratch/ssfcst/cesm2cam6climoLND/StageIC/rest/2022-05-23/rpointer.rof
Copy rpointer /glade/derecho/scratch/ssfcst/cesm2cam6climoLND/StageIC/rest/2022-05-23/rpointer.lnd
Copy rpointer /glade/derecho/scratch/ssfcst/cesm2cam6climoLND/StageIC/rest/2022-05-23/rpointer.ocn.restart
Copy rpointer /glade/derecho/scratch/ssfcst/cesm2cam6climoLND/StageIC/rest/2022-05-23/rpointer.atm
Copy rpointer /glade/derecho/scratch/ssfcst/cesm2cam6climoLND/StageIC/rest/2022-05-23/rpointer.ocn.ovf
Creating component namelists
   Calling /glade/u/home/ssfcst/cesm2.1.5/cime/../components/cam//cime_config/buildnml
     ...calling cam buildcpp to set build time options
CAM namelist copy: file1 /glade/work/ssfcst/derecho/cases/cesm2cam6climoLND_2022_05_23/cesm2cam6climoLND_2022-05-23.02/Buildconf/camconf/atm_in file2 /glade/derecho/scratch/ssfcst/cesm2cam6climoLND_2022-05-23.00/run.02/atm_in 
   Calling /glade/u/home/ssfcst/cesm2.1.5/cime/../components/clm//cime_config/buildnml
   Calling /glade/u/home/ssfcst/cesm2.1.5/cime/../components/cice//cime_config/buildnml
     ...buildnml calling cice buildcpp to set build time options
   Calling /glade/u/home/ssfcst/cesm2.1.5/cime/../components/pop//cime_config/buildnml
     ... buildnml: calling pop buildcpp to set build time options
     /bin/sh: module: line 1: syntax error: unexpected end of file
/bin/sh: error importing function definition for `module'
     /bin/sh: module: line 1: syntax error: unexpected end of file
/bin/sh: error importing function definition for `module'
given is deprecated at /glade/u/home/ssfcst/cesm2.1.5/cime/../components/pop/bld/build-namelist line 2666.
when is deprecated at /glade/u/home/ssfcst/cesm2.1.5/cime/../components/pop/bld/build-namelist line 2667.
when is deprecated at /glade/u/home/ssfcst/cesm2.1.5/cime/../components/pop/bld/build-namelist line 2668.
when is deprecated at /glade/u/home/ssfcst/cesm2.1.5/cime/../components/pop/bld/build-namelist line 2675.
when is deprecated at /glade/u/home/ssfcst/cesm2.1.5/cime/../components/pop/bld/build-namelist line 2676.
when is deprecated at /glade/u/home/ssfcst/cesm2.1.5/cime/../components/pop/bld/build-namelist line 2677.
when is deprecated at /glade/u/home/ssfcst/cesm2.1.5/cime/../components/pop/bld/build-namelist line 2678.
when is deprecated at /glade/u/home/ssfcst/cesm2.1.5/cime/../components/pop/bld/build-namelist line 2679.
when is deprecated at /glade/u/home/ssfcst/cesm2.1.5/cime/../components/pop/bld/build-namelist line 2680.
when is deprecated at /glade/u/home/ssfcst/cesm2.1.5/cime/../components/pop/bld/build-namelist line 2681.
when is deprecated at /glade/u/home/ssfcst/cesm2.1.5/cime/../components/pop/bld/build-namelist line 2682.
when is deprecated at /glade/u/home/ssfcst/cesm2.1.5/cime/../components/pop/bld/build-namelist line 2683.
when is deprecated at /glade/u/home/ssfcst/cesm2.1.5/cime/../components/pop/bld/build-namelist line 2684.
sh: module: line 1: syntax error: unexpected end of file
sh: error importing function definition for `module'
sh: module: line 1: syntax error: unexpected end of file
sh: error importing function definition for `module'
sh: module: line 1: syntax error: unexpected end of file
sh: error importing function definition for `module'
sh: module: line 1: syntax error: unexpected end of file
sh: error importing function definition for `module'
sh: module: line 1: syntax error: unexpected end of file
sh: error importing function definition for `module'
sh: module: line 1: syntax error: unexpected end of file
sh: error importing function definition for `module'
sh: module: line 1: syntax error: unexpected end of file
sh: error importing function definition for `module'
   Calling /glade/u/home/ssfcst/cesm2.1.5/cime/../components/mosart//cime_config/buildnml
   Running /glade/u/home/ssfcst/cesm2.1.5/cime/../components/cism//cime_config/buildnml 
/bin/sh: module: line 1: syntax error: unexpected end of file
/bin/sh: error importing function definition for `module'
sh: module: line 1: syntax error: unexpected end of file
sh: error importing function definition for `module'
   Calling /glade/u/home/ssfcst/cesm2.1.5/cime/../components/ww3//cime_config/buildnml
   Calling /glade/u/home/ssfcst/cesm2.1.5/cime/src/components/stub_comps/sesp/cime_config/buildnml
   Calling /glade/u/home/ssfcst/cesm2.1.5/cime/src/drivers/mct/cime_config/buildnml
Finished creating component namelists
Checking that inputdata is available as part of case submission
Loading input file list: 'Buildconf/clm.input_data_list'
Loading input file list: 'Buildconf/cpl.input_data_list'
Loading input file list: 'Buildconf/pop.input_data_list'
Loading input file list: 'Buildconf/ww3.input_data_list'
Loading input file list: 'Buildconf/cice.input_data_list'
Loading input file list: 'Buildconf/cism.input_data_list'
Loading input file list: 'Buildconf/mosart.input_data_list'
Loading input file list: 'Buildconf/cam.input_data_list'
 - Prestaging REFCASE (/glade/derecho/scratch/ssfcst/cesm2cam6climoLND/StageIC/rest/2022-05-23) to /glade/derecho/scratch/ssfcst/cesm2cam6climoLND_2022-05-23.00/run.02
Copy rpointer /glade/derecho/scratch/ssfcst/cesm2cam6climoLND/StageIC/rest/2022-05-23/rpointer.glc
Copy rpointer /glade/derecho/scratch/ssfcst/cesm2cam6climoLND/StageIC/rest/2022-05-23/rpointer.drv
Copy rpointer /glade/derecho/scratch/ssfcst/cesm2cam6climoLND/StageIC/rest/2022-05-23/rpointer.ocn.tavg
Copy rpointer /glade/derecho/scratch/ssfcst/cesm2cam6climoLND/StageIC/rest/2022-05-23/rpointer.ice
Copy rpointer /glade/derecho/scratch/ssfcst/cesm2cam6climoLND/StageIC/rest/2022-05-23/rpointer.rof
Copy rpointer /glade/derecho/scratch/ssfcst/cesm2cam6climoLND/StageIC/rest/2022-05-23/rpointer.lnd
Copy rpointer /glade/derecho/scratch/ssfcst/cesm2cam6climoLND/StageIC/rest/2022-05-23/rpointer.ocn.restart
Copy rpointer /glade/derecho/scratch/ssfcst/cesm2cam6climoLND/StageIC/rest/2022-05-23/rpointer.atm
Copy rpointer /glade/derecho/scratch/ssfcst/cesm2cam6climoLND/StageIC/rest/2022-05-23/rpointer.ocn.ovf
 - Prestaging REFCASE (/glade/derecho/scratch/ssfcst/cesm2cam6climoLND/StageIC/rest/2022-05-23) to /glade/derecho/scratch/ssfcst/cesm2cam6climoLND_2022-05-23.00/run.02
Copy rpointer /glade/derecho/scratch/ssfcst/cesm2cam6climoLND/StageIC/rest/2022-05-23/rpointer.glc
Copy rpointer /glade/derecho/scratch/ssfcst/cesm2cam6climoLND/StageIC/rest/2022-05-23/rpointer.drv
Copy rpointer /glade/derecho/scratch/ssfcst/cesm2cam6climoLND/StageIC/rest/2022-05-23/rpointer.ocn.tavg
Copy rpointer /glade/derecho/scratch/ssfcst/cesm2cam6climoLND/StageIC/rest/2022-05-23/rpointer.ice
Copy rpointer /glade/derecho/scratch/ssfcst/cesm2cam6climoLND/StageIC/rest/2022-05-23/rpointer.rof
Copy rpointer /glade/derecho/scratch/ssfcst/cesm2cam6climoLND/StageIC/rest/2022-05-23/rpointer.lnd
Copy rpointer /glade/derecho/scratch/ssfcst/cesm2cam6climoLND/StageIC/rest/2022-05-23/rpointer.ocn.restart
Copy rpointer /glade/derecho/scratch/ssfcst/cesm2cam6climoLND/StageIC/rest/2022-05-23/rpointer.atm
Copy rpointer /glade/derecho/scratch/ssfcst/cesm2cam6climoLND/StageIC/rest/2022-05-23/rpointer.ocn.ovf
Creating component namelists
Finished creating component namelists
Check case OK
submit_jobs case.run
Submit job case.run
Starting job script case.run
Generating namelists for /glade/work/ssfcst/derecho/cases/cesm2cam6climoLND_2022_05_23/cesm2cam6climoLND_2022-05-23.02
 - Prestaging REFCASE (/glade/derecho/scratch/ssfcst/cesm2cam6climoLND/StageIC/rest/2022-05-23) to /glade/derecho/scratch/ssfcst/cesm2cam6climoLND_2022-05-23.00/run.02
Copy rpointer /glade/derecho/scratch/ssfcst/cesm2cam6climoLND/StageIC/rest/2022-05-23/rpointer.glc
Copy rpointer /glade/derecho/scratch/ssfcst/cesm2cam6climoLND/StageIC/rest/2022-05-23/rpointer.drv
Copy rpointer /glade/derecho/scratch/ssfcst/cesm2cam6climoLND/StageIC/rest/2022-05-23/rpointer.ocn.tavg
Copy rpointer /glade/derecho/scratch/ssfcst/cesm2cam6climoLND/StageIC/rest/2022-05-23/rpointer.ice
Copy rpointer /glade/derecho/scratch/ssfcst/cesm2cam6climoLND/StageIC/rest/2022-05-23/rpointer.rof
Copy rpointer /glade/derecho/scratch/ssfcst/cesm2cam6climoLND/StageIC/rest/2022-05-23/rpointer.lnd
Copy rpointer /glade/derecho/scratch/ssfcst/cesm2cam6climoLND/StageIC/rest/2022-05-23/rpointer.ocn.restart
Copy rpointer /glade/derecho/scratch/ssfcst/cesm2cam6climoLND/StageIC/rest/2022-05-23/rpointer.atm
Copy rpointer /glade/derecho/scratch/ssfcst/cesm2cam6climoLND/StageIC/rest/2022-05-23/rpointer.ocn.ovf
Creating component namelists
   Calling /glade/u/home/ssfcst/cesm2.1.5/cime/../components/cam//cime_config/buildnml
     ...calling cam buildcpp to set build time options
CAM namelist copy: file1 /glade/work/ssfcst/derecho/cases/cesm2cam6climoLND_2022_05_23/cesm2cam6climoLND_2022-05-23.02/Buildconf/camconf/atm_in file2 /glade/derecho/scratch/ssfcst/cesm2cam6climoLND_2022-05-23.00/run.02/atm_in 
   Calling /glade/u/home/ssfcst/cesm2.1.5/cime/../components/clm//cime_config/buildnml
   Calling /glade/u/home/ssfcst/cesm2.1.5/cime/../components/cice//cime_config/buildnml
     ...buildnml calling cice buildcpp to set build time options
   Calling /glade/u/home/ssfcst/cesm2.1.5/cime/../components/pop//cime_config/buildnml
     ... buildnml: calling pop buildcpp to set build time options
     /bin/sh: module: line 1: syntax error: unexpected end of file
/bin/sh: error importing function definition for `module'
     /bin/sh: module: line 1: syntax error: unexpected end of file
/bin/sh: error importing function definition for `module'
given is deprecated at /glade/u/home/ssfcst/cesm2.1.5/cime/../components/pop/bld/build-namelist line 2666.
when is deprecated at /glade/u/home/ssfcst/cesm2.1.5/cime/../components/pop/bld/build-namelist line 2667.
when is deprecated at /glade/u/home/ssfcst/cesm2.1.5/cime/../components/pop/bld/build-namelist line 2668.
when is deprecated at /glade/u/home/ssfcst/cesm2.1.5/cime/../components/pop/bld/build-namelist line 2675.
when is deprecated at /glade/u/home/ssfcst/cesm2.1.5/cime/../components/pop/bld/build-namelist line 2676.
when is deprecated at /glade/u/home/ssfcst/cesm2.1.5/cime/../components/pop/bld/build-namelist line 2677.
when is deprecated at /glade/u/home/ssfcst/cesm2.1.5/cime/../components/pop/bld/build-namelist line 2678.
when is deprecated at /glade/u/home/ssfcst/cesm2.1.5/cime/../components/pop/bld/build-namelist line 2679.
when is deprecated at /glade/u/home/ssfcst/cesm2.1.5/cime/../components/pop/bld/build-namelist line 2680.
when is deprecated at /glade/u/home/ssfcst/cesm2.1.5/cime/../components/pop/bld/build-namelist line 2681.
when is deprecated at /glade/u/home/ssfcst/cesm2.1.5/cime/../components/pop/bld/build-namelist line 2682.
when is deprecated at /glade/u/home/ssfcst/cesm2.1.5/cime/../components/pop/bld/build-namelist line 2683.
when is deprecated at /glade/u/home/ssfcst/cesm2.1.5/cime/../components/pop/bld/build-namelist line 2684.
sh: module: line 1: syntax error: unexpected end of file
sh: error importing function definition for `module'
sh: module: line 1: syntax error: unexpected end of file
sh: error importing function definition for `module'
sh: module: line 1: syntax error: unexpected end of file
sh: error importing function definition for `module'
sh: module: line 1: syntax error: unexpected end of file
sh: error importing function definition for `module'
sh: module: line 1: syntax error: unexpected end of file
sh: error importing function definition for `module'
sh: module: line 1: syntax error: unexpected end of file
sh: error importing function definition for `module'
sh: module: line 1: syntax error: unexpected end of file
sh: error importing function definition for `module'
   Calling /glade/u/home/ssfcst/cesm2.1.5/cime/../components/mosart//cime_config/buildnml
   Running /glade/u/home/ssfcst/cesm2.1.5/cime/../components/cism//cime_config/buildnml 
/bin/sh: module: line 1: syntax error: unexpected end of file
/bin/sh: error importing function definition for `module'
sh: module: line 1: syntax error: unexpected end of file
sh: error importing function definition for `module'
   Calling /glade/u/home/ssfcst/cesm2.1.5/cime/../components/ww3//cime_config/buildnml
   Calling /glade/u/home/ssfcst/cesm2.1.5/cime/src/components/stub_comps/sesp/cime_config/buildnml
   Calling /glade/u/home/ssfcst/cesm2.1.5/cime/src/drivers/mct/cime_config/buildnml
Finished creating component namelists
-------------------------------------------------------------------------
 - Prestage required restarts into /glade/derecho/scratch/ssfcst/cesm2cam6climoLND_2022-05-23.00/run.02
 - Case input data directory (DIN_LOC_ROOT) is /glade/campaign/cesm/cesmdata/inputdata 
 - Checking for required input datasets in DIN_LOC_ROOT
-------------------------------------------------------------------------
2024-05-24 23:08:32 MODEL EXECUTION BEGINS HERE
run command is mpiexec  --label  --line-buffer  -n 1280 /glade/derecho/scratch/ssfcst/cesm2cam6climoLND_2022-05-23.00/bld/cesm.exe  >> cesm.log.$LID 2>&1  
2024-05-24 23:28:01 MODEL EXECUTION HAS FINISHED
Submitted job case.run with id None
+ wait
+ ecflow_client --complete
+ trap 0
+ exit 0
